<?xml version="1.0" encoding="UTF-8"?>
<testng-results ignored="0" total="7" passed="7" failed="0" skipped="0">
  <reporter-output>
  </reporter-output>
  <suite started-at="2023-12-18T18:52:01 IST" name="DecOpenCartSuite" finished-at="2023-12-18T18:53:29 IST" duration-ms="87994">
    <groups>
      <group name="Master">
        <method signature="TC_Account_RegistrationTest.account_registration()[pri:0, instance:testCases.TC_Account_RegistrationTest@74e28667]" name="account_registration" class="testCases.TC_Account_RegistrationTest"/>
        <method signature="TC_LoginTest.test_Login()[pri:0, instance:testCases.TC_LoginTest@4be29ed9]" name="test_Login" class="testCases.TC_LoginTest"/>
      </group> <!-- Master -->
      <group name="Sanity">
        <method signature="TC_LoginTest.test_Login()[pri:0, instance:testCases.TC_LoginTest@4be29ed9]" name="test_Login" class="testCases.TC_LoginTest"/>
      </group> <!-- Sanity -->
      <group name="Regression">
        <method signature="TC_Account_RegistrationTest.account_registration()[pri:0, instance:testCases.TC_Account_RegistrationTest@74e28667]" name="account_registration" class="testCases.TC_Account_RegistrationTest"/>
      </group> <!-- Regression -->
    </groups>
    <test started-at="2023-12-18T18:52:01 IST" name="DecOpenCartTest" finished-at="2023-12-18T18:53:29 IST" duration-ms="87994">
      <class name="testCases.TC_Account_RegistrationTest">
        <test-method is-config="true" signature="setup(java.lang.String)[pri:0, instance:testCases.TC_Account_RegistrationTest@74e28667]" started-at="2023-12-18T18:52:01 IST" name="setup" finished-at="2023-12-18T18:52:09 IST" duration-ms="7567" status="PASS">
          <params>
            <param index="0">
              <value>
                <![CDATA[chrome]]>
              </value>
            </param>
          </params>
          <reporter-output>
          </reporter-output>
        </test-method> <!-- setup -->
        <test-method signature="account_registration()[pri:0, instance:testCases.TC_Account_RegistrationTest@74e28667]" started-at="2023-12-18T18:52:09 IST" name="account_registration" finished-at="2023-12-18T18:52:19 IST" duration-ms="10238" status="PASS">
          <reporter-output>
          </reporter-output>
        </test-method> <!-- account_registration -->
        <test-method is-config="true" signature="teardown()[pri:0, instance:testCases.TC_Account_RegistrationTest@74e28667]" started-at="2023-12-18T18:52:19 IST" name="teardown" finished-at="2023-12-18T18:52:19 IST" duration-ms="380" status="PASS">
          <reporter-output>
          </reporter-output>
        </test-method> <!-- teardown -->
      </class> <!-- testCases.TC_Account_RegistrationTest -->
      <class name="testCases.TC_LoginDDT">
        <test-method is-config="true" signature="setup(java.lang.String)[pri:0, instance:testCases.TC_LoginDDT@548d708a]" started-at="2023-12-18T18:52:37 IST" name="setup" finished-at="2023-12-18T18:52:43 IST" duration-ms="6286" status="PASS">
          <params>
            <param index="0">
              <value>
                <![CDATA[chrome]]>
              </value>
            </param>
          </params>
          <reporter-output>
          </reporter-output>
        </test-method> <!-- setup -->
        <test-method signature="test_LoginDdt(java.lang.String,java.lang.String,java.lang.String)[pri:0, instance:testCases.TC_LoginDDT@548d708a]" started-at="2023-12-18T18:52:47 IST" name="test_LoginDdt" data-provider="LoginData" finished-at="2023-12-18T18:52:50 IST" duration-ms="3538" status="PASS">
          <params>
            <param index="0">
              <value>
                <![CDATA[pavanoltraining@gmail.com]]>
              </value>
            </param>
            <param index="1">
              <value>
                <![CDATA[test@123]]>
              </value>
            </param>
            <param index="2">
              <value>
                <![CDATA[Valid]]>
              </value>
            </param>
          </params>
          <reporter-output>
          </reporter-output>
        </test-method> <!-- test_LoginDdt -->
        <test-method signature="test_LoginDdt(java.lang.String,java.lang.String,java.lang.String)[pri:0, instance:testCases.TC_LoginDDT@548d708a]" started-at="2023-12-18T18:52:50 IST" name="test_LoginDdt" data-provider="LoginData" finished-at="2023-12-18T18:53:02 IST" duration-ms="12004" status="PASS">
          <params>
            <param index="0">
              <value>
                <![CDATA[lakshmi@yahoo.com]]>
              </value>
            </param>
            <param index="1">
              <value>
                <![CDATA[Laxmi]]>
              </value>
            </param>
            <param index="2">
              <value>
                <![CDATA[Invalid]]>
              </value>
            </param>
          </params>
          <reporter-output>
          </reporter-output>
        </test-method> <!-- test_LoginDdt -->
        <test-method signature="test_LoginDdt(java.lang.String,java.lang.String,java.lang.String)[pri:0, instance:testCases.TC_LoginDDT@548d708a]" started-at="2023-12-18T18:53:02 IST" name="test_LoginDdt" data-provider="LoginData" finished-at="2023-12-18T18:53:14 IST" duration-ms="11728" status="PASS">
          <params>
            <param index="0">
              <value>
                <![CDATA[laksh@yahoo.com]]>
              </value>
            </param>
            <param index="1">
              <value>
                <![CDATA[Lakshmi]]>
              </value>
            </param>
            <param index="2">
              <value>
                <![CDATA[Invalid]]>
              </value>
            </param>
          </params>
          <reporter-output>
          </reporter-output>
        </test-method> <!-- test_LoginDdt -->
        <test-method signature="test_LoginDdt(java.lang.String,java.lang.String,java.lang.String)[pri:0, instance:testCases.TC_LoginDDT@548d708a]" started-at="2023-12-18T18:53:14 IST" name="test_LoginDdt" data-provider="LoginData" finished-at="2023-12-18T18:53:26 IST" duration-ms="11661" status="PASS">
          <params>
            <param index="0">
              <value>
                <![CDATA[laks@yahoo.com]]>
              </value>
            </param>
            <param index="1">
              <value>
                <![CDATA[xyz]]>
              </value>
            </param>
            <param index="2">
              <value>
                <![CDATA[Invalid]]>
              </value>
            </param>
          </params>
          <reporter-output>
          </reporter-output>
        </test-method> <!-- test_LoginDdt -->
        <test-method signature="test_LoginDdt(java.lang.String,java.lang.String,java.lang.String)[pri:0, instance:testCases.TC_LoginDDT@548d708a]" started-at="2023-12-18T18:53:26 IST" name="test_LoginDdt" data-provider="LoginData" finished-at="2023-12-18T18:53:28 IST" duration-ms="2601" status="PASS">
          <params>
            <param index="0">
              <value>
                <![CDATA[abc123@gmail.com]]>
              </value>
            </param>
            <param index="1">
              <value>
                <![CDATA[test@123]]>
              </value>
            </param>
            <param index="2">
              <value>
                <![CDATA[Valid]]>
              </value>
            </param>
          </params>
          <reporter-output>
          </reporter-output>
        </test-method> <!-- test_LoginDdt -->
        <test-method is-config="true" signature="teardown()[pri:0, instance:testCases.TC_LoginDDT@548d708a]" started-at="2023-12-18T18:53:28 IST" name="teardown" finished-at="2023-12-18T18:53:29 IST" duration-ms="348" status="PASS">
          <reporter-output>
          </reporter-output>
        </test-method> <!-- teardown -->
      </class> <!-- testCases.TC_LoginDDT -->
      <class name="testCases.TC_LoginTest">
        <test-method is-config="true" signature="setup(java.lang.String)[pri:0, instance:testCases.TC_LoginTest@4be29ed9]" started-at="2023-12-18T18:52:19 IST" name="setup" finished-at="2023-12-18T18:52:27 IST" duration-ms="7026" status="PASS">
          <params>
            <param index="0">
              <value>
                <![CDATA[chrome]]>
              </value>
            </param>
          </params>
          <reporter-output>
          </reporter-output>
        </test-method> <!-- setup -->
        <test-method signature="test_Login()[pri:0, instance:testCases.TC_LoginTest@4be29ed9]" started-at="2023-12-18T18:52:27 IST" name="test_Login" finished-at="2023-12-18T18:52:36 IST" duration-ms="9958" status="PASS">
          <reporter-output>
          </reporter-output>
        </test-method> <!-- test_Login -->
        <test-method is-config="true" signature="teardown()[pri:0, instance:testCases.TC_LoginTest@4be29ed9]" started-at="2023-12-18T18:52:36 IST" name="teardown" finished-at="2023-12-18T18:52:37 IST" duration-ms="356" status="PASS">
          <reporter-output>
          </reporter-output>
        </test-method> <!-- teardown -->
      </class> <!-- testCases.TC_LoginTest -->
    </test> <!-- DecOpenCartTest -->
  </suite> <!-- DecOpenCartSuite -->
</testng-results>
