<?xml version="1.0" encoding="UTF-8"?>
<!-- Generated by org.testng.reporters.JUnitXMLReporter -->
<testsuite ignored="0" hostname="DESKTOP-NQ43KAR" failures="0" tests="7" name="DecOpenCartTest" time="87.994" errors="0" timestamp="2023-12-18T18:53:29 IST">
  <testcase classname="testCases.TC_Account_RegistrationTest" name="account_registration" time="10.238"/>
  <testcase classname="testCases.TC_LoginTest" name="test_Login" time="9.958"/>
  <testcase classname="testCases.TC_LoginDDT" name="test_LoginDdt" time="3.538"/>
  <testcase classname="testCases.TC_LoginDDT" name="test_LoginDdt" time="12.004"/>
  <testcase classname="testCases.TC_LoginDDT" name="test_LoginDdt" time="11.728"/>
  <testcase classname="testCases.TC_LoginDDT" name="test_LoginDdt" time="11.661"/>
  <testcase classname="testCases.TC_LoginDDT" name="test_LoginDdt" time="2.601"/>
</testsuite> <!-- DecOpenCartTest -->
