<?xml version="1.0" encoding="UTF-8"?>
<testng-results ignored="0" total="5" passed="5" failed="0" skipped="0">
  <reporter-output>
  </reporter-output>
  <suite started-at="2023-12-18T17:29:28 IST" name="DecOpenCartSuite" finished-at="2023-12-18T17:30:33 IST" duration-ms="64887">
    <groups>
    </groups>
    <test started-at="2023-12-18T17:29:28 IST" name="DecOpenCartTest" finished-at="2023-12-18T17:30:33 IST" duration-ms="64887">
      <class name="testCases.TC_LoginDDT">
        <test-method is-config="true" signature="setup(java.lang.String)[pri:0, instance:testCases.TC_LoginDDT@6bbe85a8]" started-at="2023-12-18T17:29:29 IST" name="setup" finished-at="2023-12-18T17:29:43 IST" duration-ms="14290" status="PASS">
          <params>
            <param index="0">
              <value>
                <![CDATA[edge]]>
              </value>
            </param>
          </params>
          <reporter-output>
          </reporter-output>
        </test-method> <!-- setup -->
        <test-method signature="test_LoginDdt(java.lang.String,java.lang.String,java.lang.String)[pri:0, instance:testCases.TC_LoginDDT@6bbe85a8]" started-at="2023-12-18T17:29:47 IST" name="test_LoginDdt" data-provider="LoginData" finished-at="2023-12-18T17:29:52 IST" duration-ms="5429" status="PASS">
          <params>
            <param index="0">
              <value>
                <![CDATA[pavanoltraining@gmail.com]]>
              </value>
            </param>
            <param index="1">
              <value>
                <![CDATA[test@123]]>
              </value>
            </param>
            <param index="2">
              <value>
                <![CDATA[Valid]]>
              </value>
            </param>
          </params>
          <reporter-output>
          </reporter-output>
        </test-method> <!-- test_LoginDdt -->
        <test-method signature="test_LoginDdt(java.lang.String,java.lang.String,java.lang.String)[pri:0, instance:testCases.TC_LoginDDT@6bbe85a8]" started-at="2023-12-18T17:29:52 IST" name="test_LoginDdt" data-provider="LoginData" finished-at="2023-12-18T17:30:05 IST" duration-ms="12432" status="PASS">
          <params>
            <param index="0">
              <value>
                <![CDATA[lakshmi@yahoo.com]]>
              </value>
            </param>
            <param index="1">
              <value>
                <![CDATA[Laxmi]]>
              </value>
            </param>
            <param index="2">
              <value>
                <![CDATA[Invalid]]>
              </value>
            </param>
          </params>
          <reporter-output>
          </reporter-output>
        </test-method> <!-- test_LoginDdt -->
        <test-method signature="test_LoginDdt(java.lang.String,java.lang.String,java.lang.String)[pri:0, instance:testCases.TC_LoginDDT@6bbe85a8]" started-at="2023-12-18T17:30:05 IST" name="test_LoginDdt" data-provider="LoginData" finished-at="2023-12-18T17:30:17 IST" duration-ms="12625" status="PASS">
          <params>
            <param index="0">
              <value>
                <![CDATA[laksh@yahoo.com]]>
              </value>
            </param>
            <param index="1">
              <value>
                <![CDATA[Lakshmi]]>
              </value>
            </param>
            <param index="2">
              <value>
                <![CDATA[Invalid]]>
              </value>
            </param>
          </params>
          <reporter-output>
          </reporter-output>
        </test-method> <!-- test_LoginDdt -->
        <test-method signature="test_LoginDdt(java.lang.String,java.lang.String,java.lang.String)[pri:0, instance:testCases.TC_LoginDDT@6bbe85a8]" started-at="2023-12-18T17:30:17 IST" name="test_LoginDdt" data-provider="LoginData" finished-at="2023-12-18T17:30:29 IST" duration-ms="12053" status="PASS">
          <params>
            <param index="0">
              <value>
                <![CDATA[laks@yahoo.com]]>
              </value>
            </param>
            <param index="1">
              <value>
                <![CDATA[xyz]]>
              </value>
            </param>
            <param index="2">
              <value>
                <![CDATA[Invalid]]>
              </value>
            </param>
          </params>
          <reporter-output>
          </reporter-output>
        </test-method> <!-- test_LoginDdt -->
        <test-method signature="test_LoginDdt(java.lang.String,java.lang.String,java.lang.String)[pri:0, instance:testCases.TC_LoginDDT@6bbe85a8]" started-at="2023-12-18T17:30:29 IST" name="test_LoginDdt" data-provider="LoginData" finished-at="2023-12-18T17:30:32 IST" duration-ms="2914" status="PASS">
          <params>
            <param index="0">
              <value>
                <![CDATA[abc123@gmail.com]]>
              </value>
            </param>
            <param index="1">
              <value>
                <![CDATA[test@123]]>
              </value>
            </param>
            <param index="2">
              <value>
                <![CDATA[Valid]]>
              </value>
            </param>
          </params>
          <reporter-output>
          </reporter-output>
        </test-method> <!-- test_LoginDdt -->
        <test-method is-config="true" signature="teardown()[pri:0, instance:testCases.TC_LoginDDT@6bbe85a8]" started-at="2023-12-18T17:30:32 IST" name="teardown" finished-at="2023-12-18T17:30:33 IST" duration-ms="546" status="PASS">
          <reporter-output>
          </reporter-output>
        </test-method> <!-- teardown -->
      </class> <!-- testCases.TC_LoginDDT -->
    </test> <!-- DecOpenCartTest -->
  </suite> <!-- DecOpenCartSuite -->
</testng-results>
