<?xml version="1.0" encoding="UTF-8"?>
<!-- Generated by org.testng.reporters.JUnitXMLReporter -->
<testsuite ignored="0" hostname="DESKTOP-NQ43KAR" failures="0" tests="5" name="DecOpenCartTest" time="64.887" errors="0" timestamp="2023-12-18T17:30:33 IST">
  <testcase classname="testCases.TC_LoginDDT" name="test_LoginDdt" time="5.429"/>
  <testcase classname="testCases.TC_LoginDDT" name="test_LoginDdt" time="12.432"/>
  <testcase classname="testCases.TC_LoginDDT" name="test_LoginDdt" time="12.625"/>
  <testcase classname="testCases.TC_LoginDDT" name="test_LoginDdt" time="12.053"/>
  <testcase classname="testCases.TC_LoginDDT" name="test_LoginDdt" time="2.914"/>
</testsuite> <!-- DecOpenCartTest -->
